<?xml version="1.0" encoding="UTF-8"?>
<testng-results ignored="0" total="1" passed="1" failed="0" skipped="0">
  <reporter-output>
  </reporter-output>
  <suite started-at="2021-12-25T23:25:33 IST" name="TestSuite" finished-at="2021-12-25T23:26:12 IST" duration-ms="39458">
    <groups>
    </groups>
    <test started-at="2021-12-25T23:25:33 IST" name="Test" finished-at="2021-12-25T23:26:12 IST" duration-ms="39458">
      <class name="com.ohrm.testcases.TestCase01">
        <test-method signature="testcase01()[pri:0, instance:com.ohrm.testcases.TestCase01@429bffaa]" started-at="2021-12-25T23:25:33 IST" name="testcase01" finished-at="2021-12-25T23:26:12 IST" duration-ms="39378" status="PASS">
          <reporter-output>
          </reporter-output>
        </test-method> <!-- testcase01 -->
      </class> <!-- com.ohrm.testcases.TestCase01 -->
    </test> <!-- Test -->
  </suite> <!-- TestSuite -->
</testng-results>
